<?xml version="1.0" encoding="UTF-8"?>
<!-- Generated by org.testng.reporters.JUnitReportReporter -->
<testsuite hostname="DESKTOP-288NJ7F" failures="0" tests="1" name="practice.HardAssertionProgram" time="0.016" errors="0" timestamp="2024-10-29T22:14:03 IST" skipped="0">
  <testcase classname="practice.HardAssertionProgram" name="ContainsComparisonHardAssert" time="0.016"/>
  <system-out/>
</testsuite> <!-- practice.HardAssertionProgram -->
