<?xml version="1.0" encoding="UTF-8"?>
<!-- Generated by org.testng.reporters.JUnitReportReporter -->
<testsuite hostname="DESKTOP-288NJ7F" failures="0" tests="1" name="testScript.TE_003" time="11.806" errors="0" timestamp="2024-11-13T09:37:12 IST" skipped="0">
  <testcase classname="testScript.TE_003" name="LE_004" time="11.806"/>
  <system-out/>
</testsuite> <!-- testScript.TE_003 -->
