<?xml version="1.0" encoding="UTF-8"?>
<!-- Generated by org.testng.reporters.JUnitReportReporter -->
<testsuite hostname="DESKTOP-288NJ7F" failures="0" tests="1" name="testScript.TE_001" time="11.077" errors="0" timestamp="2024-11-12T21:27:25 IST" skipped="0">
  <testcase classname="testScript.TE_001" name="LE_001" time="11.077"/>
  <system-out/>
</testsuite> <!-- testScript.TE_001 -->
