<?xml version="1.0" encoding="UTF-8"?>
<!-- Generated by org.testng.reporters.JUnitReportReporter -->
<testsuite hostname="DESKTOP-288NJ7F" failures="0" tests="1" name="practice.SoftAssertionProgram" time="0.018" errors="0" timestamp="2024-10-29T22:41:56 IST" skipped="0">
  <testcase classname="practice.SoftAssertionProgram" name="ContainsComparisonSoftAssert" time="0.018"/>
  <system-out/>
</testsuite> <!-- practice.SoftAssertionProgram -->
